Using pre-set license
Built from '2020.3/staging' branch; Version is '2020.3.5f1 (8095aa901b9b) revision 8426922'; Using compiler version '192528614'; Build Type 'Release'
OS: 'Windows 10 Pro; OS build 19042.928; Version 2009; 64bit' Language: 'en' Physical Memory: 32688 MB
BatchMode: 1, IsHumanControllingUs: 0, StartBugReporterOnCrash: 0, Is64bit: 1, IsPro: 0

 COMMAND LINE ARGUMENTS:
C:\Unity\Editors\2020.3.5f1\Editor\Unity.exe
-adb2
-batchMode
-noUpm
-name
AssetImportWorker0
-projectPath
C:/Users/Cristian/Documents/Unity-AStarPathfinding-Visualization
-logFile
Logs/AssetImportWorker0.log
-srvPort
61748
Successfully changed project path to: C:/Users/Cristian/Documents/Unity-AStarPathfinding-Visualization
C:/Users/Cristian/Documents/Unity-AStarPathfinding-Visualization
Using Asset Import Pipeline V2.
Refreshing native plugins compatible for Editor in 13.27 ms, found 0 plugins.
Preloading 0 native plugins for Editor in 0.00 ms.
Initialize engine version: 2020.3.5f1 (8095aa901b9b)
[Subsystems] Discovering subsystems at path C:/Unity/Editors/2020.3.5f1/Editor/Data/Resources/UnitySubsystems
[Subsystems] Discovering subsystems at path C:/Users/Cristian/Documents/Unity-AStarPathfinding-Visualization/Assets
GfxDevice: creating device client; threaded=0
Direct3D:
    Version:  Direct3D 11.0 [level 11.1]
    Renderer: NVIDIA GeForce RTX 3080 (ID=0x2206)
    Vendor:   
    VRAM:     10078 MB
    Driver:   27.21.14.6589
Initialize mono
Mono path[0] = 'C:/Unity/Editors/2020.3.5f1/Editor/Data/Managed'
Mono path[1] = 'C:/Unity/Editors/2020.3.5f1/Editor/Data/MonoBleedingEdge/lib/mono/unityjit'
Mono config path = 'C:/Unity/Editors/2020.3.5f1/Editor/Data/MonoBleedingEdge/etc'
Using monoOptions --debugger-agent=transport=dt_socket,embedding=1,server=y,suspend=n,address=127.0.0.1:56304
Begin MonoManager ReloadAssembly
Registering precompiled unity dll's ...
Register platform support module: C:/Unity/Editors/2020.3.5f1/Editor/Data/PlaybackEngines/WindowsStandaloneSupport/UnityEditor.WindowsStandalone.Extensions.dll
Registered in 0.001316 seconds.
Native extension for WindowsStandalone target not found
Refreshing native plugins compatible for Editor in 12.60 ms, found 0 plugins.
Preloading 0 native plugins for Editor in 0.00 ms.
Mono: successfully reloaded assembly
- Completed reload, in  1.203 seconds
Platform modules already initialized, skipping
Registering precompiled user dll's ...
Registered in 0.000443 seconds.
Begin MonoManager ReloadAssembly
Native extension for WindowsStandalone target not found
Refreshing native plugins compatible for Editor in 0.10 ms, found 0 plugins.
Preloading 0 native plugins for Editor in 0.00 ms.
Mono: successfully reloaded assembly
- Completed reload, in  0.564 seconds
Platform modules already initialized, skipping
========================================================================
Worker process is ready to serve import requests
Launched and connected shader compiler UnityShaderCompiler.exe after 0.06 seconds
Refreshing native plugins compatible for Editor in 0.10 ms, found 0 plugins.
Preloading 0 native plugins for Editor in 0.00 ms.
Unloading 657 Unused Serialized files (Serialized files now loaded: 0)
System memory in use before: 47.0 MB.
System memory in use after: 47.0 MB.

Unloading 8 unused Assets to reduce memory usage. Loaded Objects now: 1099.
Total: 0.960500 ms (FindLiveObjects: 0.063800 ms CreateObjectMapping: 0.015600 ms MarkObjects: 0.845900 ms  DeleteObjects: 0.034500 ms)

========================================================================
Received Import Request.
  path: Assets/Scenes/Playground.unity
  artifactKey: Guid(2a7e97e4bc39c9e438dfde3ee7a982fb) Importer(815301076,1909f56bfc062723c751e8b465ee728b)
Start importing Assets/Scenes/Playground.unity using Guid(2a7e97e4bc39c9e438dfde3ee7a982fb) Importer(815301076,1909f56bfc062723c751e8b465ee728b)  -> (artifact id: '1ef78967c6c61f11de48ee8dd15443cd') in 0.009350 seconds
  Import took 0.010162 seconds .

========================================================================
Received Import Request.
  Time since last request: 5.140020 seconds.
  path: Assets/Code/Tests/GridEntity.cs
  artifactKey: Guid(e1236f06e8b78ef4c8f7d1438d9246cb) Importer(815301076,1909f56bfc062723c751e8b465ee728b)
Start importing Assets/Code/Tests/GridEntity.cs using Guid(e1236f06e8b78ef4c8f7d1438d9246cb) Importer(815301076,1909f56bfc062723c751e8b465ee728b)  -> (artifact id: '535d2de61b27795bbd390b77f1c8e773') in 0.018015 seconds
  Import took 0.018877 seconds .

========================================================================
Received Import Request.
  Time since last request: 0.000825 seconds.
  path: Assets/Code/Tests/GridEntity.cs
  artifactKey: Guid(e1236f06e8b78ef4c8f7d1438d9246cb) Importer(815301076,1909f56bfc062723c751e8b465ee728b)
Start importing Assets/Code/Tests/GridEntity.cs using Guid(e1236f06e8b78ef4c8f7d1438d9246cb) Importer(815301076,1909f56bfc062723c751e8b465ee728b)  -> (artifact id: '535d2de61b27795bbd390b77f1c8e773') in 0.001088 seconds
  Import took 0.001782 seconds .

========================================================================
Received Import Request.
  Time since last request: 7.893882 seconds.
  path: Assets/Code/AStar/Enums.cs
  artifactKey: Guid(79891392283d6874f9e6bcb697c4cc6f) Importer(815301076,1909f56bfc062723c751e8b465ee728b)
Start importing Assets/Code/AStar/Enums.cs using Guid(79891392283d6874f9e6bcb697c4cc6f) Importer(815301076,1909f56bfc062723c751e8b465ee728b)  -> (artifact id: 'e746e658c7f7997416b999d3987da021') in 0.003977 seconds
  Import took 0.004796 seconds .

========================================================================
Received Import Request.
  Time since last request: 1.891382 seconds.
  path: Assets/Code/AStar/GridMaster.cs
  artifactKey: Guid(dfe3c4928439323478ef331fef2eab61) Importer(815301076,1909f56bfc062723c751e8b465ee728b)
Start importing Assets/Code/AStar/GridMaster.cs using Guid(dfe3c4928439323478ef331fef2eab61) Importer(815301076,1909f56bfc062723c751e8b465ee728b)  -> (artifact id: 'f9f30dd0f19f463c5163635de6385749') in 0.003979 seconds
  Import took 0.004799 seconds .

========================================================================
Received Import Request.
  Time since last request: 0.000733 seconds.
  path: Assets/Code/AStar/GridMaster.cs
  artifactKey: Guid(dfe3c4928439323478ef331fef2eab61) Importer(815301076,1909f56bfc062723c751e8b465ee728b)
Start importing Assets/Code/AStar/GridMaster.cs using Guid(dfe3c4928439323478ef331fef2eab61) Importer(815301076,1909f56bfc062723c751e8b465ee728b)  -> (artifact id: 'f9f30dd0f19f463c5163635de6385749') in 0.001163 seconds
  Import took 0.001920 seconds .

========================================================================
Received Import Request.
  Time since last request: 1.576378 seconds.
  path: Assets/Code/AStar/GridNode.cs
  artifactKey: Guid(5651e283e28914a46a1306eeb4d75f41) Importer(815301076,1909f56bfc062723c751e8b465ee728b)
Start importing Assets/Code/AStar/GridNode.cs using Guid(5651e283e28914a46a1306eeb4d75f41) Importer(815301076,1909f56bfc062723c751e8b465ee728b)  -> (artifact id: '8e0957a02bd3c59e958eecbf672b132f') in 0.004705 seconds
  Import took 0.005673 seconds .

========================================================================
Received Import Request.
  Time since last request: 1.332198 seconds.
  path: Assets/Code/AStar/Pathfinder.cs
  artifactKey: Guid(e92b25ceaf3fe51488653599b575bd02) Importer(815301076,1909f56bfc062723c751e8b465ee728b)
Start importing Assets/Code/AStar/Pathfinder.cs using Guid(e92b25ceaf3fe51488653599b575bd02) Importer(815301076,1909f56bfc062723c751e8b465ee728b)  -> (artifact id: '91cb5da66c9dcf38c048d94987697ec5') in 0.003956 seconds
  Import took 0.004818 seconds .

========================================================================
Received Import Request.
  Time since last request: 3.574949 seconds.
  path: Assets/Code/Shared code/Data Structures/BinaryHeap.cs
  artifactKey: Guid(59642661ad801e24db2b1186309c38cb) Importer(815301076,1909f56bfc062723c751e8b465ee728b)
Start importing Assets/Code/Shared code/Data Structures/BinaryHeap.cs using Guid(59642661ad801e24db2b1186309c38cb) Importer(815301076,1909f56bfc062723c751e8b465ee728b)  -> (artifact id: 'ad9f189aabe2d6c9932fa41aa8ce3cbd') in 0.005077 seconds
  Import took 0.006102 seconds .

========================================================================
Received Import Request.
  Time since last request: 3.053976 seconds.
  path: Assets/Code/Shared code/Logging/Asserter.cs
  artifactKey: Guid(9e820de5087f2c84aac7c6d35adf089a) Importer(815301076,1909f56bfc062723c751e8b465ee728b)
Start importing Assets/Code/Shared code/Logging/Asserter.cs using Guid(9e820de5087f2c84aac7c6d35adf089a) Importer(815301076,1909f56bfc062723c751e8b465ee728b)  -> (artifact id: '34513b5aa33331397e903d78f055fdfa') in 0.004167 seconds
  Import took 0.005122 seconds .

========================================================================
Received Import Request.
  Time since last request: 1.567557 seconds.
  path: Assets/Code/Shared code/Logging/LogChannels.cs
  artifactKey: Guid(247ae622159d3a34aaf7ba09db215a0e) Importer(815301076,1909f56bfc062723c751e8b465ee728b)
Start importing Assets/Code/Shared code/Logging/LogChannels.cs using Guid(247ae622159d3a34aaf7ba09db215a0e) Importer(815301076,1909f56bfc062723c751e8b465ee728b)  -> (artifact id: '1a44639490dde192b68e1e792e57f9e0') in 0.005023 seconds
  Import took 0.006084 seconds .

========================================================================
Received Import Request.
  Time since last request: 1.664669 seconds.
  path: Assets/Code/Shared code/Logging/Logger.cs
  artifactKey: Guid(d34f7819a4cad2143a95e387e540d622) Importer(815301076,1909f56bfc062723c751e8b465ee728b)
Start importing Assets/Code/Shared code/Logging/Logger.cs using Guid(d34f7819a4cad2143a95e387e540d622) Importer(815301076,1909f56bfc062723c751e8b465ee728b)  -> (artifact id: 'c593de5d616ff67a610b082f040537b3') in 0.004817 seconds
  Import took 0.005841 seconds .

========================================================================
Received Import Request.
  Time since last request: 2.267458 seconds.
  path: Assets/Code/Shared code/Rendering/DebugRenderChannels.cs
  artifactKey: Guid(ee78f2d466ffbb648b7c881b3e83366d) Importer(815301076,1909f56bfc062723c751e8b465ee728b)
Start importing Assets/Code/Shared code/Rendering/DebugRenderChannels.cs using Guid(ee78f2d466ffbb648b7c881b3e83366d) Importer(815301076,1909f56bfc062723c751e8b465ee728b)  -> (artifact id: '2b338ae955a2fffd5b72fb6f02752263') in 0.007038 seconds
  Import took 0.008113 seconds .

========================================================================
Received Import Request.
  Time since last request: 1.551819 seconds.
  path: Assets/Code/Shared code/Rendering/DebugRenderer.cs
  artifactKey: Guid(129a0bd6ad39c2a45ab2b0f95be46aa9) Importer(815301076,1909f56bfc062723c751e8b465ee728b)
Start importing Assets/Code/Shared code/Rendering/DebugRenderer.cs using Guid(129a0bd6ad39c2a45ab2b0f95be46aa9) Importer(815301076,1909f56bfc062723c751e8b465ee728b)  -> (artifact id: 'a10ccd6e167cbacee448bd540c897e7e') in 0.005128 seconds
  Import took 0.006191 seconds .

========================================================================
Received Import Request.
  Time since last request: 0.000565 seconds.
  path: Assets/Code/Shared code/Rendering/DebugRenderer.cs
  artifactKey: Guid(129a0bd6ad39c2a45ab2b0f95be46aa9) Importer(815301076,1909f56bfc062723c751e8b465ee728b)
Start importing Assets/Code/Shared code/Rendering/DebugRenderer.cs using Guid(129a0bd6ad39c2a45ab2b0f95be46aa9) Importer(815301076,1909f56bfc062723c751e8b465ee728b)  -> (artifact id: 'a10ccd6e167cbacee448bd540c897e7e') in 0.001453 seconds
  Import took 0.002289 seconds .

========================================================================
Received Import Request.
  Time since last request: 1.584727 seconds.
  path: Assets/Code/Shared code/Rendering/ProceduralMesh.cs
  artifactKey: Guid(21645f9f0aae5d14da5a181b4de7ed28) Importer(815301076,1909f56bfc062723c751e8b465ee728b)
Start importing Assets/Code/Shared code/Rendering/ProceduralMesh.cs using Guid(21645f9f0aae5d14da5a181b4de7ed28) Importer(815301076,1909f56bfc062723c751e8b465ee728b)  -> (artifact id: '9c4c6de8f1964f586797973cc17d8fc6') in 0.004551 seconds
  Import took 0.005507 seconds .

========================================================================
Received Import Request.
  Time since last request: 2.161245 seconds.
  path: Assets/Code/Shared code/Singletons/MonoBehaviourSingleton.cs
  artifactKey: Guid(f9a43894e3b79ed4fba5602733405373) Importer(815301076,1909f56bfc062723c751e8b465ee728b)
Start importing Assets/Code/Shared code/Singletons/MonoBehaviourSingleton.cs using Guid(f9a43894e3b79ed4fba5602733405373) Importer(815301076,1909f56bfc062723c751e8b465ee728b)  -> (artifact id: 'e47766b520b494ac1fb144951396de9d') in 0.004991 seconds
  Import took 0.006028 seconds .

========================================================================
Received Import Request.
  Time since last request: 2.747549 seconds.
  path: Assets/Code/Shared code/Utils/Enums.cs
  artifactKey: Guid(d848f177a676c5e4baa16d4c8c9ae4d9) Importer(815301076,1909f56bfc062723c751e8b465ee728b)
Start importing Assets/Code/Shared code/Utils/Enums.cs using Guid(d848f177a676c5e4baa16d4c8c9ae4d9) Importer(815301076,1909f56bfc062723c751e8b465ee728b)  -> (artifact id: '2c0424a738cc230decef8987f3f70649') in 0.001370 seconds
  Import took 0.002282 seconds .

========================================================================
Received Import Request.
  Time since last request: 0.000549 seconds.
  path: Assets/Code/Shared code/Utils/Enums.cs
  artifactKey: Guid(d848f177a676c5e4baa16d4c8c9ae4d9) Importer(815301076,1909f56bfc062723c751e8b465ee728b)
Start importing Assets/Code/Shared code/Utils/Enums.cs using Guid(d848f177a676c5e4baa16d4c8c9ae4d9) Importer(815301076,1909f56bfc062723c751e8b465ee728b)  -> (artifact id: '2c0424a738cc230decef8987f3f70649') in 0.001275 seconds
  Import took 0.002070 seconds .

========================================================================
Received Import Request.
  Time since last request: 1.694476 seconds.
  path: Assets/Code/Shared code/Utils/Interfaces.cs
  artifactKey: Guid(117d5a42b37d3e4479f9acbf155e0ba4) Importer(815301076,1909f56bfc062723c751e8b465ee728b)
Start importing Assets/Code/Shared code/Utils/Interfaces.cs using Guid(117d5a42b37d3e4479f9acbf155e0ba4) Importer(815301076,1909f56bfc062723c751e8b465ee728b)  -> (artifact id: '7250b9fc4afe09d6905fedc91f0aa065') in 0.005152 seconds
  Import took 0.006227 seconds .

========================================================================
Received Import Request.
  Time since last request: 1.384694 seconds.
  path: Assets/Code/Shared code/Utils/Structs.cs
  artifactKey: Guid(e3f43c8040862cb4ea1843fef97a6353) Importer(815301076,1909f56bfc062723c751e8b465ee728b)
Start importing Assets/Code/Shared code/Utils/Structs.cs using Guid(e3f43c8040862cb4ea1843fef97a6353) Importer(815301076,1909f56bfc062723c751e8b465ee728b)  -> (artifact id: '5836993e6fc58b9a98cdf28578c42207') in 0.004103 seconds
  Import took 0.004930 seconds .

========================================================================
Received Import Request.
  Time since last request: 1.511347 seconds.
  path: Assets/Code/Shared code/Utils/Utils.cs
  artifactKey: Guid(ad3b6fb294169e749acf883cfdd86764) Importer(815301076,1909f56bfc062723c751e8b465ee728b)
Start importing Assets/Code/Shared code/Utils/Utils.cs using Guid(ad3b6fb294169e749acf883cfdd86764) Importer(815301076,1909f56bfc062723c751e8b465ee728b)  -> (artifact id: '1685b49950c4b1bd90e0edafb5aad74e') in 0.003855 seconds
  Import took 0.004784 seconds .

========================================================================
Received Import Request.
  Time since last request: 807.163892 seconds.
  path: Assets/Code/AStar/Pathfinder.cs
  artifactKey: Guid(e92b25ceaf3fe51488653599b575bd02) Importer(815301076,1909f56bfc062723c751e8b465ee728b)
Start importing Assets/Code/AStar/Pathfinder.cs using Guid(e92b25ceaf3fe51488653599b575bd02) Importer(815301076,1909f56bfc062723c751e8b465ee728b)  -> (artifact id: 'a930165d86ca96391ff740fc051eb57f') in 0.001347 seconds
  Import took 0.002531 seconds .

========================================================================
Received Prepare
Registering precompiled user dll's ...
Registered in 0.000361 seconds.
Begin MonoManager ReloadAssembly
Native extension for WindowsStandalone target not found
Refreshing native plugins compatible for Editor in 0.10 ms, found 0 plugins.
Preloading 0 native plugins for Editor in 0.00 ms.
Mono: successfully reloaded assembly
- Completed reload, in  0.541 seconds
Platform modules already initialized, skipping
Refreshing native plugins compatible for Editor in 0.10 ms, found 0 plugins.
Preloading 0 native plugins for Editor in 0.00 ms.
Unloading 625 Unused Serialized files (Serialized files now loaded: 0)
System memory in use before: 44.3 MB.
System memory in use after: 44.3 MB.

Unloading 4 unused Assets to reduce memory usage. Loaded Objects now: 1102.
Total: 0.926100 ms (FindLiveObjects: 0.080900 ms CreateObjectMapping: 0.017800 ms MarkObjects: 0.814800 ms  DeleteObjects: 0.011300 ms)

========================================================================
Received Prepare
Registering precompiled user dll's ...
Registered in 0.000406 seconds.
Begin MonoManager ReloadAssembly
Native extension for WindowsStandalone target not found
Refreshing native plugins compatible for Editor in 0.10 ms, found 0 plugins.
Preloading 0 native plugins for Editor in 0.00 ms.
Mono: successfully reloaded assembly
- Completed reload, in  0.535 seconds
Platform modules already initialized, skipping
Refreshing native plugins compatible for Editor in 0.10 ms, found 0 plugins.
Preloading 0 native plugins for Editor in 0.00 ms.
Unloading 625 Unused Serialized files (Serialized files now loaded: 0)
System memory in use before: 44.3 MB.
System memory in use after: 44.3 MB.

Unloading 4 unused Assets to reduce memory usage. Loaded Objects now: 1105.
Total: 1.118400 ms (FindLiveObjects: 0.085300 ms CreateObjectMapping: 0.030800 ms MarkObjects: 0.988200 ms  DeleteObjects: 0.013000 ms)

========================================================================
Received Prepare
Registering precompiled user dll's ...
Registered in 0.000384 seconds.
Begin MonoManager ReloadAssembly
Native extension for WindowsStandalone target not found
Refreshing native plugins compatible for Editor in 0.10 ms, found 0 plugins.
Preloading 0 native plugins for Editor in 0.00 ms.
Mono: successfully reloaded assembly
- Completed reload, in  0.526 seconds
Platform modules already initialized, skipping
Refreshing native plugins compatible for Editor in 0.10 ms, found 0 plugins.
Preloading 0 native plugins for Editor in 0.00 ms.
Unloading 625 Unused Serialized files (Serialized files now loaded: 0)
System memory in use before: 44.3 MB.
System memory in use after: 44.4 MB.

Unloading 4 unused Assets to reduce memory usage. Loaded Objects now: 1108.
Total: 0.942600 ms (FindLiveObjects: 0.072400 ms CreateObjectMapping: 0.018500 ms MarkObjects: 0.840600 ms  DeleteObjects: 0.010300 ms)

